The system is: Windows - 10.0.19045 - AMD64
Compiling the CXX compiler identification source file "CMakeCXXCompilerId.cpp" succeeded.
Compiler: C:/Program Files (x86)/Microsoft Visual Studio/2019/Community/VC/Tools/MSVC/14.27.29110/bin/HostX64/x64/cl.exe 
Build flags: 
Id flags:  

The output was:
0
Compilador de optimización de C/C++ de Microsoft (R) versión 19.27.29111 para x64
(C) Microsoft Corporation. Todos los derechos reservados.

CMakeCXXCompilerId.cpp
Microsoft (R) Incremental Linker Version 14.27.29111.0
Copyright (C) Microsoft Corporation.  All rights reserved.

/out:CMakeCXXCompilerId.exe 
CMakeCXXCompilerId.obj 


Compilation of the CXX compiler identification source "CMakeCXXCompilerId.cpp" produced "CMakeCXXCompilerId.exe"

Compilation of the CXX compiler identification source "CMakeCXXCompilerId.cpp" produced "CMakeCXXCompilerId.obj"

The CXX compiler identification is MSVC, found in "C:/Users/Roberto Cruz/Documents/Escolar/2024A/SSP Algoritmia/Practicas/build-Practica9-Desktop_x86_windows_msvc2019_pe_64bit-Debug/CMakeFiles/3.18.2/CompilerIdCXX/CMakeCXXCompilerId.exe"

Detecting CXX compiler ABI info compiled with the following output:
Change Dir: C:/Users/Roberto Cruz/Documents/Escolar/2024A/SSP Algoritmia/Practicas/build-Practica9-Desktop_x86_windows_msvc2019_pe_64bit-Debug/CMakeFiles/CMakeTmp

Run Build Command(s):C:/PROGRA~2/MICROS~3/2019/COMMUN~1/Common7/IDE/COMMON~1/MICROS~1/CMake/Ninja/ninja.exe cmTC_e0a2c && [1/2] Building CXX object CMakeFiles\cmTC_e0a2c.dir\CMakeCXXCompilerABI.cpp.obj
Nota: inclusión del archivo: C:\Program Files\CMake\share\cmake-3.18\Modules\CMakeCompilerABI.h
[2/2] Linking CXX executable cmTC_e0a2c.exe



Performing C++ SOURCE FILE Test HAVE_STDATOMIC succeeded with the following output:
Change Dir: C:/Users/Roberto Cruz/Documents/Escolar/2024A/SSP Algoritmia/Practicas/build-Practica9-Desktop_x86_windows_msvc2019_pe_64bit-Debug/CMakeFiles/CMakeTmp

Run Build Command(s):C:/PROGRA~2/MICROS~3/2019/COMMUN~1/Common7/IDE/COMMON~1/MICROS~1/CMake/Ninja/ninja.exe cmTC_d7a7a && [1/2] Building CXX object CMakeFiles\cmTC_d7a7a.dir\src.cxx.obj
Nota: inclusión del archivo: C:\Program Files (x86)\Microsoft Visual Studio\2019\Community\VC\Tools\MSVC\14.27.29110\include\atomic
Nota: inclusión del archivo:  C:\Program Files (x86)\Microsoft Visual Studio\2019\Community\VC\Tools\MSVC\14.27.29110\include\yvals.h
Nota: inclusión del archivo:   C:\Program Files (x86)\Microsoft Visual Studio\2019\Community\VC\Tools\MSVC\14.27.29110\include\yvals_core.h
Nota: inclusión del archivo:    C:\Program Files (x86)\Microsoft Visual Studio\2019\Community\VC\Tools\MSVC\14.27.29110\include\vcruntime.h
Nota: inclusión del archivo:     C:\Program Files (x86)\Microsoft Visual Studio\2019\Community\VC\Tools\MSVC\14.27.29110\include\sal.h
Nota: inclusión del archivo:      C:\Program Files (x86)\Microsoft Visual Studio\2019\Community\VC\Tools\MSVC\14.27.29110\include\concurrencysal.h
Nota: inclusión del archivo:     C:\Program Files (x86)\Microsoft Visual Studio\2019\Community\VC\Tools\MSVC\14.27.29110\include\vadefs.h
Nota: inclusión del archivo:    C:\Program Files (x86)\Microsoft Visual Studio\2019\Community\VC\Tools\MSVC\14.27.29110\include\xkeycheck.h
Nota: inclusión del archivo:   C:\Program Files (x86)\Windows Kits\10\include\10.0.18362.0\ucrt\crtdbg.h
Nota: inclusión del archivo:    C:\Program Files (x86)\Windows Kits\10\include\10.0.18362.0\ucrt\corecrt.h
Nota: inclusión del archivo:    C:\Program Files (x86)\Microsoft Visual Studio\2019\Community\VC\Tools\MSVC\14.27.29110\include\vcruntime_new_debug.h
Nota: inclusión del archivo:     C:\Program Files (x86)\Microsoft Visual Studio\2019\Community\VC\Tools\MSVC\14.27.29110\include\vcruntime_new.h
Nota: inclusión del archivo:   C:\Program Files (x86)\Microsoft Visual Studio\2019\Community\VC\Tools\MSVC\14.27.29110\include\crtdefs.h
Nota: inclusión del archivo:   C:\Program Files (x86)\Microsoft Visual Studio\2019\Community\VC\Tools\MSVC\14.27.29110\include\use_ansi.h
Nota: inclusión del archivo:  C:\Program Files (x86)\Windows Kits\10\include\10.0.18362.0\ucrt\stddef.h
Nota: inclusión del archivo:  C:\Program Files (x86)\Microsoft Visual Studio\2019\Community\VC\Tools\MSVC\14.27.29110\include\stdint.h
Nota: inclusión del archivo:  C:\Program Files (x86)\Windows Kits\10\include\10.0.18362.0\ucrt\string.h
Nota: inclusión del archivo:   C:\Program Files (x86)\Windows Kits\10\include\10.0.18362.0\ucrt\corecrt_memory.h
Nota: inclusión del archivo:    C:\Program Files (x86)\Windows Kits\10\include\10.0.18362.0\ucrt\corecrt_memcpy_s.h
Nota: inclusión del archivo:     C:\Program Files (x86)\Windows Kits\10\include\10.0.18362.0\ucrt\errno.h
Nota: inclusión del archivo:     C:\Program Files (x86)\Microsoft Visual Studio\2019\Community\VC\Tools\MSVC\14.27.29110\include\vcruntime_string.h
Nota: inclusión del archivo:   C:\Program Files (x86)\Windows Kits\10\include\10.0.18362.0\ucrt\corecrt_wstring.h
Nota: inclusión del archivo:  C:\Program Files (x86)\Microsoft Visual Studio\2019\Community\VC\Tools\MSVC\14.27.29110\include\xatomic.h
Nota: inclusión del archivo:   C:\Program Files (x86)\Microsoft Visual Studio\2019\Community\VC\Tools\MSVC\14.27.29110\include\intrin0.h
Nota: inclusión del archivo:   C:\Program Files (x86)\Microsoft Visual Studio\2019\Community\VC\Tools\MSVC\14.27.29110\include\type_traits
Nota: inclusión del archivo:    C:\Program Files (x86)\Microsoft Visual Studio\2019\Community\VC\Tools\MSVC\14.27.29110\include\xstddef
Nota: inclusión del archivo:     C:\Program Files (x86)\Microsoft Visual Studio\2019\Community\VC\Tools\MSVC\14.27.29110\include\cstddef
Nota: inclusión del archivo:      C:\Program Files (x86)\Microsoft Visual Studio\2019\Community\VC\Tools\MSVC\14.27.29110\include\xtr1common
Nota: inclusión del archivo:     C:\Program Files (x86)\Microsoft Visual Studio\2019\Community\VC\Tools\MSVC\14.27.29110\include\cstdlib
Nota: inclusión del archivo:      C:\Program Files (x86)\Windows Kits\10\include\10.0.18362.0\ucrt\math.h
Nota: inclusión del archivo:       C:\Program Files (x86)\Windows Kits\10\include\10.0.18362.0\ucrt\corecrt_math.h
Nota: inclusión del archivo:      C:\Program Files (x86)\Windows Kits\10\include\10.0.18362.0\ucrt\stdlib.h
Nota: inclusión del archivo:       C:\Program Files (x86)\Windows Kits\10\include\10.0.18362.0\ucrt\corecrt_malloc.h
Nota: inclusión del archivo:       C:\Program Files (x86)\Windows Kits\10\include\10.0.18362.0\ucrt\corecrt_search.h
Nota: inclusión del archivo:       C:\Program Files (x86)\Windows Kits\10\include\10.0.18362.0\ucrt\corecrt_wstdlib.h
Nota: inclusión del archivo:       C:\Program Files (x86)\Microsoft Visual Studio\2019\Community\VC\Tools\MSVC\14.27.29110\include\limits.h
Nota: inclusión del archivo:     C:\Program Files (x86)\Microsoft Visual Studio\2019\Community\VC\Tools\MSVC\14.27.29110\include\initializer_list
Nota: inclusión del archivo: C:\Program Files (x86)\Microsoft Visual Studio\2019\Community\VC\Tools\MSVC\14.27.29110\include\cstdint
[2/2] Linking CXX executable cmTC_d7a7a.exe


Source file was:
#include <atomic>
#include <cstdint>

int main(int, char **)
{
    volatile std::atomic<char>    size_1;
    volatile std::atomic<short>   size_2;
    volatile std::atomic<int>     size_4;
    volatile std::atomic<int64_t> size_8;

    ++size_1;
    ++size_2;
    ++size_4;
    ++size_8;

    (void)size_1.load(std::memory_order_relaxed);
    (void)size_2.load(std::memory_order_relaxed);
    (void)size_4.load(std::memory_order_relaxed);
    (void)size_8.load(std::memory_order_relaxed);

    return 0;
}
